[II] Selected cache method: class
[II] Checking if cache file exists: ./cache/db/elibertador/newrss/noticias.class.php
[II] Creating cache file: ./cache/db/elibertador/newrss/noticias.class.php
[II] Wrote class cache file ./cache/db/elibertador/newrss/noticias.class.php
[II] Selected cache method: memory
[II] Didn't find table noticias in memory, caching
[II] Selected cache method: class
[II] Checking if cache file exists: ./cache/db/elibertador/newrss/noticias.class.php
[II] Cache file exists and no recache has been specified, exiting
[II] Selected cache method: memory
[II] Didn't find table noticias in memory, caching
[II] Selected cache method: class
[II] Checking if cache file exists: ./cache/db/elibertador/newrss/noticias.class.php
[II] Cache file exists and no recache has been specified, exiting
[II] Selected cache method: class
[II] Checking if cache file exists: ./cache/db/elibertador/newrss/noticias.class.php
[II] Cache file exists and no recache has been specified, exiting
[II] Selected cache method: memory
[II] Didn't find table noticias in memory, caching
[II] Selected cache method: class
[II] Checking if cache file exists: ./cache/db/elibertador/newrss/noticias.class.php
[II] Cache file exists and no recache has been specified, exiting
